Scanning dependencies of target comparator
[100%] Building CXX object lib/CMakeFiles/comparator.dir/src/libcomparator.cpp.o
Using built-in specs.
COLLECT_GCC=/usr/bin/c++
Target: x86_64-linux-gnu
Configured with: ../src/configure -v --with-pkgversion='Debian 4.9.2-10' --with-bugurl=file:///usr/share/doc/gcc-4.9/README.Bugs --enable-languages=c,c++,java,go,d,fortran,objc,obj-c++ --prefix=/usr --program-suffix=-4.9 --enable-shared --enable-linker-build-id --libexecdir=/usr/lib --without-included-gettext --enable-threads=posix --with-gxx-include-dir=/usr/include/c++/4.9 --libdir=/usr/lib --enable-nls --with-sysroot=/ --enable-clocale=gnu --enable-libstdcxx-debug --enable-libstdcxx-time=yes --enable-gnu-unique-object --disable-vtable-verify --enable-plugin --with-system-zlib --disable-browser-plugin --enable-java-awt=gtk --enable-gtk-cairo --with-java-home=/usr/lib/jvm/java-1.5.0-gcj-4.9-amd64/jre --enable-java-home --with-jvm-root-dir=/usr/lib/jvm/java-1.5.0-gcj-4.9-amd64 --with-jvm-jar-dir=/usr/lib/jvm-exports/java-1.5.0-gcj-4.9-amd64 --with-arch-directory=amd64 --with-ecj-jar=/usr/share/java/eclipse-ecj.jar --enable-objc-gc --enable-multiarch --with-arch-32=i586 --with-abi=m64 --with-multilib-list=m32,m64,mx32 --enable-multilib --with-tune=generic --enable-checking=release --build=x86_64-linux-gnu --host=x86_64-linux-gnu --target=x86_64-linux-gnu
Thread model: posix
gcc version 4.9.2 (Debian 4.9.2-10) 
COLLECT_GCC_OPTIONS='-D' 'comparator_EXPORTS' '-v' '-save-temps' '-O0' '-D' 'NDEBUG' '-fPIC' '-I' '/home/szozda/git/shadow/libcomparator/lib/include' '-o' 'CMakeFiles/comparator.dir/src/libcomparator.cpp.o' '-c' '-shared-libgcc' '-mtune=generic' '-march=x86-64'
 /usr/lib/gcc/x86_64-linux-gnu/4.9/cc1plus -E -quiet -v -I /home/szozda/git/shadow/libcomparator/lib/include -imultiarch x86_64-linux-gnu -D_GNU_SOURCE -D comparator_EXPORTS -D NDEBUG /home/szozda/git/shadow/libcomparator/lib/src/libcomparator.cpp -mtune=generic -march=x86-64 -fPIC -O0 -fpch-preprocess -o libcomparator.ii
ignoring duplicate directory "/usr/include/x86_64-linux-gnu/c++/4.9"
ignoring nonexistent directory "/usr/local/include/x86_64-linux-gnu"
ignoring nonexistent directory "/usr/lib/gcc/x86_64-linux-gnu/4.9/../../../../x86_64-linux-gnu/include"
#include "..." search starts here:
#include <...> search starts here:
 /home/szozda/git/shadow/libcomparator/lib/include
 /usr/include/c++/4.9
 /usr/include/x86_64-linux-gnu/c++/4.9
 /usr/include/c++/4.9/backward
 /usr/lib/gcc/x86_64-linux-gnu/4.9/include
 /usr/local/include
 /usr/lib/gcc/x86_64-linux-gnu/4.9/include-fixed
 /usr/include/x86_64-linux-gnu
 /usr/include
End of search list.
COLLECT_GCC_OPTIONS='-D' 'comparator_EXPORTS' '-v' '-save-temps' '-O0' '-D' 'NDEBUG' '-fPIC' '-I' '/home/szozda/git/shadow/libcomparator/lib/include' '-o' 'CMakeFiles/comparator.dir/src/libcomparator.cpp.o' '-c' '-shared-libgcc' '-mtune=generic' '-march=x86-64'
 /usr/lib/gcc/x86_64-linux-gnu/4.9/cc1plus -fpreprocessed libcomparator.ii -quiet -dumpbase libcomparator.cpp -mtune=generic -march=x86-64 -auxbase-strip CMakeFiles/comparator.dir/src/libcomparator.cpp.o -O0 -version -fPIC -o libcomparator.s
GNU C++ (Debian 4.9.2-10) version 4.9.2 (x86_64-linux-gnu)
	compiled by GNU C version 4.9.2, GMP version 6.0.0, MPFR version 3.1.2-p3, MPC version 1.0.2
GGC heuristics: --param ggc-min-expand=100 --param ggc-min-heapsize=131072
GNU C++ (Debian 4.9.2-10) version 4.9.2 (x86_64-linux-gnu)
	compiled by GNU C version 4.9.2, GMP version 6.0.0, MPFR version 3.1.2-p3, MPC version 1.0.2
GGC heuristics: --param ggc-min-expand=100 --param ggc-min-heapsize=131072
Compiler executable checksum: ff85870e740eb08c48a56c2c170390f8
COLLECT_GCC_OPTIONS='-D' 'comparator_EXPORTS' '-v' '-save-temps' '-O0' '-D' 'NDEBUG' '-fPIC' '-I' '/home/szozda/git/shadow/libcomparator/lib/include' '-o' 'CMakeFiles/comparator.dir/src/libcomparator.cpp.o' '-c' '-shared-libgcc' '-mtune=generic' '-march=x86-64'
 as -v -I /home/szozda/git/shadow/libcomparator/lib/include --64 -o CMakeFiles/comparator.dir/src/libcomparator.cpp.o libcomparator.s
GNU assembler version 2.25 (x86_64-linux-gnu) using BFD version (GNU Binutils for Debian) 2.25
COMPILER_PATH=/usr/lib/gcc/x86_64-linux-gnu/4.9/:/usr/lib/gcc/x86_64-linux-gnu/4.9/:/usr/lib/gcc/x86_64-linux-gnu/:/usr/lib/gcc/x86_64-linux-gnu/4.9/:/usr/lib/gcc/x86_64-linux-gnu/
LIBRARY_PATH=/usr/lib/gcc/x86_64-linux-gnu/4.9/:/usr/lib/gcc/x86_64-linux-gnu/4.9/../../../x86_64-linux-gnu/:/usr/lib/gcc/x86_64-linux-gnu/4.9/../../../../lib/:/lib/x86_64-linux-gnu/:/lib/../lib/:/usr/lib/x86_64-linux-gnu/:/usr/lib/../lib/:/usr/lib/gcc/x86_64-linux-gnu/4.9/../../../:/lib/:/usr/lib/
COLLECT_GCC_OPTIONS='-D' 'comparator_EXPORTS' '-v' '-save-temps' '-O0' '-D' 'NDEBUG' '-fPIC' '-I' '/home/szozda/git/shadow/libcomparator/lib/include' '-o' 'CMakeFiles/comparator.dir/src/libcomparator.cpp.o' '-c' '-shared-libgcc' '-mtune=generic' '-march=x86-64'
Linking CXX shared library libcomparator.so
Using built-in specs.
COLLECT_GCC=/usr/bin/c++
COLLECT_LTO_WRAPPER=/usr/lib/gcc/x86_64-linux-gnu/4.9/lto-wrapper
Target: x86_64-linux-gnu
Configured with: ../src/configure -v --with-pkgversion='Debian 4.9.2-10' --with-bugurl=file:///usr/share/doc/gcc-4.9/README.Bugs --enable-languages=c,c++,java,go,d,fortran,objc,obj-c++ --prefix=/usr --program-suffix=-4.9 --enable-shared --enable-linker-build-id --libexecdir=/usr/lib --without-included-gettext --enable-threads=posix --with-gxx-include-dir=/usr/include/c++/4.9 --libdir=/usr/lib --enable-nls --with-sysroot=/ --enable-clocale=gnu --enable-libstdcxx-debug --enable-libstdcxx-time=yes --enable-gnu-unique-object --disable-vtable-verify --enable-plugin --with-system-zlib --disable-browser-plugin --enable-java-awt=gtk --enable-gtk-cairo --with-java-home=/usr/lib/jvm/java-1.5.0-gcj-4.9-amd64/jre --enable-java-home --with-jvm-root-dir=/usr/lib/jvm/java-1.5.0-gcj-4.9-amd64 --with-jvm-jar-dir=/usr/lib/jvm-exports/java-1.5.0-gcj-4.9-amd64 --with-arch-directory=amd64 --with-ecj-jar=/usr/share/java/eclipse-ecj.jar --enable-objc-gc --enable-multiarch --with-arch-32=i586 --with-abi=m64 --with-multilib-list=m32,m64,mx32 --enable-multilib --with-tune=generic --enable-checking=release --build=x86_64-linux-gnu --host=x86_64-linux-gnu --target=x86_64-linux-gnu
Thread model: posix
gcc version 4.9.2 (Debian 4.9.2-10) 
COMPILER_PATH=/usr/lib/gcc/x86_64-linux-gnu/4.9/:/usr/lib/gcc/x86_64-linux-gnu/4.9/:/usr/lib/gcc/x86_64-linux-gnu/:/usr/lib/gcc/x86_64-linux-gnu/4.9/:/usr/lib/gcc/x86_64-linux-gnu/
LIBRARY_PATH=/usr/lib/gcc/x86_64-linux-gnu/4.9/:/usr/lib/gcc/x86_64-linux-gnu/4.9/../../../x86_64-linux-gnu/:/usr/lib/gcc/x86_64-linux-gnu/4.9/../../../../lib/:/lib/x86_64-linux-gnu/:/lib/../lib/:/usr/lib/x86_64-linux-gnu/:/usr/lib/../lib/:/usr/lib/gcc/x86_64-linux-gnu/4.9/../../../:/lib/:/usr/lib/
COLLECT_GCC_OPTIONS='-fPIC' '-v' '-save-temps' '-O0' '-D' 'NDEBUG' '-shared' '-o' 'libcomparator.so' '-shared-libgcc' '-mtune=generic' '-march=x86-64'
 /usr/lib/gcc/x86_64-linux-gnu/4.9/collect2 -plugin /usr/lib/gcc/x86_64-linux-gnu/4.9/liblto_plugin.so -plugin-opt=/usr/lib/gcc/x86_64-linux-gnu/4.9/lto-wrapper -plugin-opt=-fresolution=-lm.res -plugin-opt=-pass-through=-lgcc_s -plugin-opt=-pass-through=-lc -plugin-opt=-pass-through=-lgcc_s --sysroot=/ --build-id --eh-frame-hdr -m elf_x86_64 --hash-style=gnu -shared -o libcomparator.so /usr/lib/gcc/x86_64-linux-gnu/4.9/../../../x86_64-linux-gnu/crti.o /usr/lib/gcc/x86_64-linux-gnu/4.9/crtbeginS.o -L/usr/lib/gcc/x86_64-linux-gnu/4.9 -L/usr/lib/gcc/x86_64-linux-gnu/4.9/../../../x86_64-linux-gnu -L/usr/lib/gcc/x86_64-linux-gnu/4.9/../../../../lib -L/lib/x86_64-linux-gnu -L/lib/../lib -L/usr/lib/x86_64-linux-gnu -L/usr/lib/../lib -L/usr/lib/gcc/x86_64-linux-gnu/4.9/../../.. -soname libcomparator.so CMakeFiles/comparator.dir/src/libcomparator.cpp.o -lstdc++ -lm -lgcc_s -lc -lgcc_s /usr/lib/gcc/x86_64-linux-gnu/4.9/crtendS.o /usr/lib/gcc/x86_64-linux-gnu/4.9/../../../x86_64-linux-gnu/crtn.o
[100%] Built target comparator
